09/26/2022 05:36:51 PM - INFO - Test_001_Login : ************* Test_001_Login *************
09/26/2022 05:36:51 PM - INFO - Test_001_Login : ************* Verifying Login Page Title *************
09/26/2022 05:37:02 PM - INFO - Test_001_Login : ************* Login Page Title Test is Passed *************
09/26/2022 05:37:09 PM - INFO - Test_001_Login : ************* verify login test *************
09/26/2022 05:37:29 PM - INFO - Test_001_Login : ************* Login Test is Passed *************
09/26/2022 05:37:33 PM - INFO - Test_001_Login : ************* Logout Test is Passed *************
09/26/2022 05:54:32 PM - INFO - Test_001_Login : ************* Test_001_Login *************
09/26/2022 05:54:32 PM - INFO - Test_001_Login : ************* Verifying Login Page Title *************
09/26/2022 05:54:42 PM - INFO - Test_001_Login : ************* Login Page Title Test is Passed *************
09/26/2022 05:54:49 PM - INFO - Test_001_Login : ************* verify login test *************
09/26/2022 05:55:03 PM - INFO - Test_001_Login : ************* Login Test is Passed *************
09/26/2022 05:55:06 PM - INFO - Test_001_Login : ************* Logout Test is Passed *************
09/26/2022 05:55:54 PM - INFO - Test_001_Login : ************* Test_001_Login *************
09/26/2022 05:55:54 PM - INFO - Test_001_Login : ************* Verifying Login Page Title *************
09/26/2022 05:56:04 PM - INFO - Test_001_Login : ************* Login Page Title Test is Passed *************
09/26/2022 05:56:12 PM - INFO - Test_001_Login : ************* verify login test *************
09/26/2022 05:56:26 PM - INFO - Test_001_Login : ************* Login Test is Passed *************
09/26/2022 05:56:29 PM - INFO - Test_001_Login : ************* Logout Test is Passed *************
09/26/2022 06:20:51 PM - INFO - Test_001_Login : ************* Test_001_Login *************
09/26/2022 06:20:51 PM - INFO - Test_001_Login : ************* Verifying Login Page Title *************
09/26/2022 06:20:51 PM - INFO - Test_001_Login : ************* verify login test *************
09/26/2022 06:31:02 PM - INFO - Test_001_Login : ************* verify login test *************
09/26/2022 06:31:58 PM - INFO - Test_001_Login : ************* Login Test is Passed *************
09/26/2022 06:34:42 PM - INFO - Test_001_Login : ************* Test_001_Login *************
09/26/2022 06:34:42 PM - INFO - Test_001_Login : ************* Verifying Login Page Title *************
09/26/2022 06:34:52 PM - INFO - Test_001_Login : ************* Login Page Title Test is Passed *************
09/26/2022 06:35:10 PM - INFO - Test_001_Login : ************* verify login test *************
09/26/2022 06:35:40 PM - INFO - Test_001_Login : ************* Login Test is Passed *************
09/26/2022 06:37:27 PM - INFO - Test_001_Login : ************* Test_001_Login *************
09/26/2022 06:37:27 PM - INFO - Test_001_Login : ************* Verifying Login Page Title *************
09/26/2022 06:37:40 PM - INFO - Test_001_Login : ************* Login Page Title Test is Passed *************
09/26/2022 06:37:58 PM - INFO - Test_001_Login : ************* verify login test *************
09/26/2022 06:38:25 PM - INFO - Test_001_Login : ************* Login Test is Passed *************
09/26/2022 06:38:28 PM - INFO - Test_001_Login : ************* Logout Test is Passed *************
09/26/2022 06:53:36 PM - INFO - Test_001_Login : ************* Test_001_Login *************
09/26/2022 06:53:36 PM - INFO - Test_001_Login : ************* Verifying Login Page Title *************
09/26/2022 06:53:51 PM - INFO - Test_001_Login : ************* Login Page Title Test is Passed *************
09/26/2022 06:53:59 PM - INFO - Test_001_Login : ************* verify login test *************
09/26/2022 06:54:50 PM - INFO - Test_001_Login : ************* Login Test is Passed *************
09/26/2022 06:54:54 PM - INFO - Test_001_Login : ************* Logout Test is Passed *************
09/28/2022 07:58:50 AM - INFO - Test_001_Login : ************* Test_001_Login *************
09/28/2022 07:58:50 AM - INFO - Test_001_Login : ************* Verifying Login Page Title *************
09/28/2022 07:58:58 AM - ERROR - Test_001_Login : ************* Login Page Title Test is Failed *************
09/28/2022 09:24:46 AM - INFO - Test_001_Login : ************* Test_001_Login *************
09/28/2022 09:24:46 AM - INFO - Test_001_Login : ************* Verifying Login Page Title *************
09/28/2022 09:24:55 AM - INFO - Test_001_Login : ************* Login Page Title Test is Passed *************
09/28/2022 09:25:08 AM - INFO - Test_001_Login : ************* verify login test *************
09/28/2022 09:25:19 AM - ERROR - Test_001_Login : ************* Login Test is Failed *************
09/28/2022 09:28:14 AM - INFO - Test_001_Login : ************* Test_001_Login *************
09/28/2022 09:28:14 AM - INFO - Test_001_Login : ************* Verifying Login Page Title *************
09/28/2022 09:28:44 AM - INFO - Test_001_Login : ************* Login Page Title Test is Passed *************
09/28/2022 09:29:49 AM - INFO - Test_001_Login : ************* verify login test *************
09/28/2022 09:30:00 AM - INFO - Test_001_Login : ************* Login Test is Passed *************
09/28/2022 09:30:02 AM - INFO - Test_001_Login : ************* Logout Test is Passed *************
09/29/2022 07:46:04 AM - INFO - Test_001_Login : ************* Test_001_Login *************
09/29/2022 07:46:04 AM - INFO - Test_001_Login : ************* Verifying Login Page Title *************
09/29/2022 07:46:11 AM - INFO - Test_001_Login : ************* Login Page Title Test is Passed *************
09/29/2022 07:46:23 AM - INFO - Test_001_Login : ************* verify login test *************
09/29/2022 07:46:35 AM - INFO - Test_001_Login : ************* Login Test is Passed *************
09/29/2022 07:46:37 AM - INFO - Test_001_Login : ************* Logout Test is Passed *************
09/29/2022 08:05:56 AM - INFO - Test_002_DDT_Login : ************* Test_001_Login *************
09/29/2022 08:05:56 AM - INFO - Test_002_DDT_Login : ************* Verifying Login Page Title *************
09/29/2022 08:06:04 AM - INFO - Test_002_DDT_Login : ************* Login Page Title Test is Passed *************
09/29/2022 08:06:10 AM - INFO - Test_002_DDT_Login : ************* Test_002_DDT_Login *************
09/29/2022 08:06:10 AM - INFO - Test_002_DDT_Login : ************* verify login ddt test *************
09/29/2022 08:11:33 AM - INFO - Test_002_DDT_Login : ************* Test_002_DDT_Login *************
09/29/2022 08:11:33 AM - INFO - Test_002_DDT_Login : ************* verify login ddt test *************
09/29/2022 08:13:07 AM - INFO - Test_002_DDT_Login : ************* Test_002_DDT_Login *************
09/29/2022 08:13:07 AM - INFO - Test_002_DDT_Login : ************* verify login ddt test *************
09/29/2022 08:18:42 AM - INFO - Test_002_DDT_Login : ************* Test_002_DDT_Login *************
09/29/2022 08:18:42 AM - INFO - Test_002_DDT_Login : ************* verify login ddt test *************
09/29/2022 08:27:33 AM - INFO - Test_002_DDT_Login : ************* Test_002_DDT_Login *************
09/29/2022 08:27:33 AM - INFO - Test_002_DDT_Login : ************* verify login ddt test *************
09/29/2022 08:32:17 AM - INFO - Test_002_DDT_Login : ************* Test_002_DDT_Login *************
09/29/2022 08:32:17 AM - INFO - Test_002_DDT_Login : ************* verify login ddt test *************
09/29/2022 10:35:35 AM - INFO - Test_002_DDT_Login : ************* Test_002_DDT_Login *************
09/29/2022 10:35:35 AM - INFO - Test_002_DDT_Login : ************* verify login ddt test *************
09/29/2022 10:36:08 AM - INFO - Test_002_DDT_Login : *** Login DDT test passed ***
09/29/2022 10:36:08 AM - INFO - Test_002_DDT_Login : *********** End of Login DDT Test ***********
09/29/2022 10:36:08 AM - INFO - Test_002_DDT_Login : *********** Completed TC_LoginDDT_002 ************
09/29/2022 10:38:31 AM - INFO - Test_002_DDT_Login : ************* Test_002_DDT_Login *************
09/29/2022 10:38:31 AM - INFO - Test_002_DDT_Login : ************* verify login ddt test *************
09/29/2022 10:38:45 AM - INFO - Test_002_DDT_Login : *** Login DDT test passed ***
09/29/2022 10:40:29 AM - INFO - Test_002_DDT_Login : ************* Test_002_DDT_Login *************
09/29/2022 10:40:29 AM - INFO - Test_002_DDT_Login : ************* verify login ddt test *************
09/29/2022 10:40:52 AM - INFO - Test_002_DDT_Login : *** Login DDT test passed ***
09/29/2022 10:44:06 AM - INFO - Test_002_DDT_Login : ************* Test_002_DDT_Login *************
09/29/2022 10:44:06 AM - INFO - Test_002_DDT_Login : ************* verify login ddt test *************
09/29/2022 10:44:33 AM - INFO - Test_002_DDT_Login : *** Login DDT test passed ***
09/29/2022 11:17:19 AM - INFO - Test_002_DDT_Login : ************* Test_002_DDT_Login *************
09/29/2022 11:17:19 AM - INFO - Test_002_DDT_Login : ************* verify login ddt test *************
09/29/2022 11:24:39 AM - INFO - Test_002_DDT_Login : ************* Test_002_DDT_Login *************
09/29/2022 11:24:39 AM - INFO - Test_002_DDT_Login : ************* verify login ddt test *************
09/29/2022 11:24:55 AM - INFO - Test_002_DDT_Login : *** Login DDT test passed ***
09/29/2022 11:37:42 AM - INFO - Test_002_DDT_Login : ************* Test_002_DDT_Login *************
09/29/2022 11:37:42 AM - INFO - Test_002_DDT_Login : ************* verify login ddt test *************
09/29/2022 11:37:54 AM - INFO - Test_002_DDT_Login : *********** End of Login DDT Test ***********
09/29/2022 11:37:54 AM - INFO - Test_002_DDT_Login : *********** Completed TC_LoginDDT_002 ************
09/29/2022 11:39:45 AM - INFO - Test_002_DDT_Login : ************* Test_002_DDT_Login *************
09/29/2022 11:39:45 AM - INFO - Test_002_DDT_Login : ************* verify login ddt test *************
09/29/2022 11:39:57 AM - INFO - Test_002_DDT_Login : *** Login DDT test passed ***
09/29/2022 11:39:57 AM - INFO - Test_002_DDT_Login : *********** End of Login DDT Test ***********
09/29/2022 11:39:57 AM - INFO - Test_002_DDT_Login : *********** Completed TC_LoginDDT_002 ************
09/29/2022 03:41:12 PM - INFO - Test_003_AddCustomer : ************* Test_003_AddCustomer **********
09/29/2022 03:41:30 PM - INFO - Test_003_AddCustomer : ************* Login successful **********
09/29/2022 03:41:30 PM - INFO - Test_003_AddCustomer : ******* Starting Add Customer Test **********
09/29/2022 03:47:26 PM - INFO - Test_003_AddCustomer : ************* Test_003_AddCustomer **********
09/29/2022 03:47:44 PM - INFO - Test_003_AddCustomer : ************* Login successful **********
09/29/2022 03:47:44 PM - INFO - Test_003_AddCustomer : ******* Starting Add Customer Test **********
09/30/2022 07:44:02 AM - INFO - Test_003_AddCustomer : ************* Test_003_AddCustomer **********
09/30/2022 07:44:20 AM - INFO - Test_003_AddCustomer : ************* Login successful **********
09/30/2022 07:44:20 AM - INFO - Test_003_AddCustomer : ******* Starting Add Customer Test **********
09/30/2022 07:44:24 AM - INFO - Test_003_AddCustomer : ************* Providing customer info **********
09/30/2022 07:44:39 AM - INFO - Test_003_AddCustomer : ************* Saving customer info **********
09/30/2022 07:44:39 AM - INFO - Test_003_AddCustomer : ********* Add customer validation started *****************
09/30/2022 07:49:53 AM - INFO - Test_003_AddCustomer : ************* Test_003_AddCustomer **********
09/30/2022 07:50:04 AM - INFO - Test_003_AddCustomer : ************* Login successful **********
09/30/2022 07:50:04 AM - INFO - Test_003_AddCustomer : ******* Starting Add Customer Test **********
09/30/2022 07:50:08 AM - INFO - Test_003_AddCustomer : ************* Providing customer info **********
09/30/2022 07:50:20 AM - INFO - Test_003_AddCustomer : ************* Saving customer info **********
09/30/2022 07:50:20 AM - INFO - Test_003_AddCustomer : ********* Add customer validation started *****************
09/30/2022 07:50:20 AM - INFO - Test_003_AddCustomer : ********* Add customer Test Passed *********
09/30/2022 07:50:20 AM - INFO - Test_003_AddCustomer : ******* Ending Add customer test **********
09/30/2022 08:03:21 AM - INFO - Test_003_AddCustomer : ************* Test_003_AddCustomer **********
09/30/2022 08:03:40 AM - INFO - Test_003_AddCustomer : ************* Login successful **********
09/30/2022 08:03:40 AM - INFO - Test_003_AddCustomer : ******* Starting Add Customer Test **********
09/30/2022 08:03:44 AM - INFO - Test_003_AddCustomer : ************* Providing customer info **********
09/30/2022 08:03:56 AM - INFO - Test_003_AddCustomer : ************* Saving customer info **********
09/30/2022 08:03:56 AM - INFO - Test_003_AddCustomer : ********* Add customer validation started *****************
09/30/2022 08:03:56 AM - INFO - Test_003_AddCustomer : ********* Add customer Test Passed *********
09/30/2022 08:04:09 AM - INFO - Test_003_AddCustomer : ******* Ending Add customer test **********
09/30/2022 08:05:37 AM - INFO - Test_003_AddCustomer : ************* Test_003_AddCustomer **********
09/30/2022 08:05:46 AM - INFO - Test_003_AddCustomer : ************* Login successful **********
09/30/2022 08:05:47 AM - INFO - Test_003_AddCustomer : ******* Starting Add Customer Test **********
09/30/2022 08:05:52 AM - INFO - Test_003_AddCustomer : ************* Providing customer info **********
09/30/2022 08:06:02 AM - INFO - Test_003_AddCustomer : ************* Saving customer info **********
09/30/2022 08:06:02 AM - INFO - Test_003_AddCustomer : ********* Add customer validation started *****************
09/30/2022 08:06:02 AM - INFO - Test_003_AddCustomer : ********* Add customer Test Passed *********
09/30/2022 08:06:03 AM - INFO - Test_003_AddCustomer : ******* Ending Add customer test **********
09/30/2022 08:48:48 AM - INFO - Test_003_AddCustomer : ************* Test_003_AddCustomer **********
09/30/2022 08:48:57 AM - INFO - Test_003_AddCustomer : ************* Login successful **********
09/30/2022 08:48:57 AM - INFO - Test_003_AddCustomer : ******* Starting Add Customer Test **********
09/30/2022 08:49:02 AM - INFO - Test_003_AddCustomer : ************* Providing customer info **********
09/30/2022 08:49:14 AM - INFO - Test_003_AddCustomer : ************* Saving customer info **********
09/30/2022 08:49:14 AM - INFO - Test_003_AddCustomer : ********* Add customer validation started *****************
09/30/2022 08:49:17 AM - INFO - Test_003_AddCustomer : ********* Add customer Test Passed *********
09/30/2022 08:49:18 AM - INFO - Test_003_AddCustomer : ******* Ending Add customer test **********
09/30/2022 08:49:40 AM - INFO - Test_001_Login : ************* verify login test *************
09/30/2022 08:49:52 AM - INFO - Test_001_Login : ************* Login Test is Passed *************
09/30/2022 08:49:55 AM - INFO - Test_001_Login : ************* Logout Test is Passed *************
10/04/2022 09:57:03 AM - INFO - Test_003_AddCustomer : ************* Test_003_AddCustomer **********
10/04/2022 09:57:16 AM - INFO - Test_003_AddCustomer : ************* Login successful **********
10/04/2022 09:57:16 AM - INFO - Test_003_AddCustomer : ******* Starting Add Customer Test **********
10/04/2022 09:57:20 AM - INFO - Test_003_AddCustomer : ************* Providing customer info **********
10/04/2022 09:57:30 AM - INFO - Test_003_AddCustomer : ************* Saving customer info **********
10/04/2022 09:57:30 AM - INFO - Test_003_AddCustomer : ********* Add customer validation started *****************
10/04/2022 09:57:30 AM - INFO - Test_003_AddCustomer : ********* Add customer Test Passed *********
10/04/2022 09:57:31 AM - INFO - Test_003_AddCustomer : ******* Ending Add customer test **********
10/04/2022 09:57:36 AM - INFO - Test_001_Login : ************* verify login test *************
10/04/2022 09:57:50 AM - INFO - Test_001_Login : ************* Login Test is Passed *************
10/04/2022 09:57:52 AM - INFO - Test_001_Login : ************* Logout Test is Passed *************
